info it worked if it ends with ok
verbose cli [ 'C:\\Program Files (x86)\\nodejs\\\\node.exe',
verbose cli   'C:\\Program Files (x86)\\nodejs\\node_modules\\npm\\bin\\npm-cli.js',
verbose cli   'install',
verbose cli   'bcrypt' ]
info using npm@1.1.0-3
info using node@v0.6.10
verbose config file C:\Users\wbw95k.ACULOCAL\.npmrc
verbose config file C:\Program Files (x86)\nodejs\etc\npmrc
verbose config file C:\Program Files (x86)\nodejs\node_modules\npm\npmrc
verbose mkdir done: C:\Users\wbw95k.ACULOCAL\AppData\Roaming\npm 755
verbose mkdir done: c:\Users\wbw95k.ACULOCAL\Documents\GitRepositories\TrackingTally 755
verbose caching c:\Users\wbw95k.ACULOCAL\Documents\GitRepositories\TrackingTally\package.json
verbose loadDefaults application-name@0.0.1
verbose caching c:\Users\wbw95k.ACULOCAL\Documents\GitRepositories\TrackingTally\node_modules\connect\package.json
verbose loadDefaults connect@1.8.6
verbose caching c:\Users\wbw95k.ACULOCAL\Documents\GitRepositories\TrackingTally\node_modules\everyauth\package.json
verbose loadDefaults everyauth@0.2.32
verbose caching c:\Users\wbw95k.ACULOCAL\Documents\GitRepositories\TrackingTally\node_modules\express\package.json
verbose loadDefaults express@2.5.8
verbose caching c:\Users\wbw95k.ACULOCAL\Documents\GitRepositories\TrackingTally\node_modules\jade\package.json
verbose loadDefaults jade@0.20.3
WARN moment@1.4.0 devDependencies field should be hash of <name>:<version-range> pairs
verbose caching c:\Users\wbw95k.ACULOCAL\Documents\GitRepositories\TrackingTally\node_modules\moment\package.json
verbose loadDefaults moment@1.4.0
verbose caching c:\Users\wbw95k.ACULOCAL\Documents\GitRepositories\TrackingTally\node_modules\node-inspector\package.json
verbose loadDefaults node-inspector@0.1.10
verbose caching c:\Users\wbw95k.ACULOCAL\Documents\GitRepositories\TrackingTally\node_modules\mysql\package.json
verbose loadDefaults mysql@0.9.5
verbose caching c:\Users\wbw95k.ACULOCAL\Documents\GitRepositories\TrackingTally\node_modules\passport\package.json
verbose loadDefaults passport@0.1.6
verbose caching c:\Users\wbw95k.ACULOCAL\Documents\GitRepositories\TrackingTally\node_modules\passport-facebook\package.json
verbose loadDefaults passport-facebook@0.1.2
verbose caching c:\Users\wbw95k.ACULOCAL\Documents\GitRepositories\TrackingTally\node_modules\passport-google\package.json
verbose loadDefaults passport-google@0.1.1
verbose caching c:\Users\wbw95k.ACULOCAL\Documents\GitRepositories\TrackingTally\node_modules\passport-local\package.json
verbose loadDefaults passport-local@0.1.1
verbose caching c:\Users\wbw95k.ACULOCAL\Documents\GitRepositories\TrackingTally\node_modules\passport-openid\package.json
verbose loadDefaults passport-openid@0.1.2
verbose caching c:\Users\wbw95k.ACULOCAL\Documents\GitRepositories\TrackingTally\node_modules\sequelize\package.json
verbose loadDefaults sequelize@1.3.6
verbose caching c:\Users\wbw95k.ACULOCAL\Documents\GitRepositories\TrackingTally\node_modules\stylus\package.json
verbose loadDefaults stylus@0.24.0
verbose from cache c:\Users\wbw95k.ACULOCAL\Documents\GitRepositories\TrackingTally\package.json
verbose cache add [ 'bcrypt', null ]
silly cache add: name, spec, args [ undefined, 'bcrypt', [ 'bcrypt', null ] ]
verbose parsed url { pathname: 'bcrypt', path: 'bcrypt', href: 'bcrypt' }
verbose addNamed [ 'bcrypt', '' ]
verbose addNamed [ null, '' ]
silly name, range, hasData [ 'bcrypt', '', false ]
verbose raw, before any munging bcrypt
verbose url resolving [ 'https://registry.npmjs.org/', './bcrypt' ]
verbose url resolved https://registry.npmjs.org/bcrypt
verbose etag "SI3D8ZFUBYTCOSF5SE0ID791"
http GET https://registry.npmjs.org/bcrypt
http 304 https://registry.npmjs.org/bcrypt
silly get cb [ 304,
silly get cb   { server: 'CouchDB/1.2.0 (Erlang OTP/R15B)',
silly get cb     etag: '"SI3D8ZFUBYTCOSF5SE0ID791"',
silly get cb     date: 'Tue, 20 Mar 2012 20:14:24 GMT',
silly get cb     'content-length': '0' } ]
verbose etag bcrypt from cache
verbose mkdir done: C:\Users\wbw95k.ACULOCAL\AppData\Roaming\npm-cache\bcrypt 755
silly name, range, hasData 2 [ 'bcrypt', '', true ]
silly versions [ 'bcrypt',
silly versions   [ '0.1.2',
silly versions     '0.2.0',
silly versions     '0.2.1',
silly versions     '0.1.3',
silly versions     '0.2.2',
silly versions     '0.2.3',
silly versions     '0.2.4',
silly versions     '0.3.0',
silly versions     '0.3.1',
silly versions     '0.3.2',
silly versions     '0.4.0',
silly versions     '0.4.1',
silly versions     '0.5.0' ] ]
verbose bin dist [ '0.6-ares1.7.5-DEV-evundefined-openssl0.9.8r-v83.6.6.20-win32-ia32-6.1.7601',
verbose bin dist   { shasum: '612e01afa125c7332310f94e5186425c482b55f8',
verbose bin dist     tarball: 'http://registry.npmjs.org/bcrypt/-/bcrypt-0.5.0.tgz' } ]
verbose has wscript [ undefined,
verbose has wscript   { file: 'C:\\Users\\wbw95k.ACULOCAL\\AppData\\Roaming\\npm-cache\\bcrypt\\0.5.0\\package\\package.json',
verbose has wscript     contributors: false,
verbose has wscript     serverjs: false,
verbose has wscript     wscript: true } ]
verbose caching C:\Users\wbw95k.ACULOCAL\AppData\Roaming\npm-cache\bcrypt\0.5.0\package\package.json
verbose loadDefaults bcrypt@0.5.0
silly resolved [ { name: 'bcrypt',
silly resolved     description: 'A bcrypt library for NodeJS.',
silly resolved     keywords: 
silly resolved      [ 'bcrypt',
silly resolved        'password',
silly resolved        'auth',
silly resolved        'authentication',
silly resolved        'encryption',
silly resolved        'crypt',
silly resolved        'crypto' ],
silly resolved     main: './bcrypt',
silly resolved     version: '0.5.0',
silly resolved     author: { name: 'Nick Campbell', url: 'http://github.com/ncb000gt' },
silly resolved     engines: { node: '>= 0.6.0' },
silly resolved     repository: 
silly resolved      { type: 'git',
silly resolved        url: 'git://github.com/ncb000gt/node.bcrypt.js.git' },
silly resolved     licenses: [ { type: 'MIT' } ],
silly resolved     bugs: { url: 'http://github.com/ncb000gt/node.bcrypt.js/issues' },
silly resolved     scripts: { install: 'make build', test: 'make test' },
silly resolved     devDependencies: { nodeunit: '>=0.6.4' },
silly resolved     contributors: 
silly resolved      [ { name: 'Antonio Salazar Cardozo',
silly resolved          email: 'savedfastcool@gmail.com',
silly resolved          url: 'https://github.com/Shadowfiend' },
silly resolved        { name: 'Van Nguyen',
silly resolved          email: 'the.gol.effect@gmail.com',
silly resolved          url: 'https://github.com/thegoleffect' },
silly resolved        { name: 'David Trejo',
silly resolved          email: 'david@dtrejo.com',
silly resolved          url: 'https://github.com/dtrejo' },
silly resolved        { name: 'Ben Glow',
silly resolved          email: 'glen.low@pixelglow.com',
silly resolved          url: 'https://github.com/pixelglow' },
silly resolved        { name: 'NewITFarmer.com',
silly resolved          url: 'https://github.com/newitfarmer' },
silly resolved        { name: 'Alfred Westerveld',
silly resolved          email: 'alfredwesterveld@gmail.com',
silly resolved          url: 'https://github.com/alfredwesterveld' },
silly resolved        { name: 'Vincent Côté-Roy',
silly resolved          email: 'vincentcr@gmail.com',
silly resolved          url: 'https://github.com/vincentcr' },
silly resolved        { name: 'Lloyd Hilaiel',
silly resolved          email: 'lloyd@hilaiel.com',
silly resolved          url: 'https://github.com/lloyd' },
silly resolved        { name: 'Roman Shtylman',
silly resolved          email: 'shtylman@gmail.com',
silly resolved          url: 'https://github.com/shtylman' },
silly resolved        { name: 'Vadim Graboys',
silly resolved          email: 'dimva13@gmail.com',
silly resolved          url: 'https://github.com/vadimg' },
silly resolved        { name: 'Ben Noorduis', url: 'https://github.com/bnoordhuis' } ],
silly resolved     _id: 'bcrypt@0.5.0',
silly resolved     dependencies: {},
silly resolved     optionalDependencies: {},
silly resolved     _engineSupported: true,
silly resolved     _npmVersion: '1.1.0-3',
silly resolved     _nodeVersion: 'v0.6.10',
silly resolved     _defaultsLoaded: true } ]
info into c:\Users\wbw95k.ACULOCAL\Documents\GitRepositories\TrackingTally bcrypt@0.5.0
info installOne bcrypt@0.5.0
info unbuild c:\Users\wbw95k.ACULOCAL\Documents\GitRepositories\TrackingTally\node_modules\bcrypt
verbose from cache C:\Users\wbw95k.ACULOCAL\AppData\Roaming\npm-cache\bcrypt\0.5.0\package\package.json
verbose mkdir (expected) error ENOENT, no such file or directory 'c:\Users\wbw95k.ACULOCAL\Documents\GitRepositories\TrackingTally\node_modules\___bcrypt.npm'
verbose mkdir done: c:\Users\wbw95k.ACULOCAL\Documents\GitRepositories\TrackingTally\node_modules\___bcrypt.npm 755
verbose unpack_ uid, gid [ undefined, undefined ]
verbose unpackTarget c:\Users\wbw95k.ACULOCAL\Documents\GitRepositories\TrackingTally\node_modules\bcrypt
silly gunzTarPerm modes [ '755', '644' ]
silly afterUntar undefined
verbose gunzed c:\Users\wbw95k.ACULOCAL\Documents\GitRepositories\TrackingTally\node_modules\___bcrypt.npm\package
verbose rm'ed c:\Users\wbw95k.ACULOCAL\Documents\GitRepositories\TrackingTally\node_modules\bcrypt
verbose renamed [ 'c:\\Users\\wbw95k.ACULOCAL\\Documents\\GitRepositories\\TrackingTally\\node_modules\\___bcrypt.npm\\package',
verbose renamed   'c:\\Users\\wbw95k.ACULOCAL\\Documents\\GitRepositories\\TrackingTally\\node_modules\\bcrypt' ]
verbose has wscript [ undefined,
verbose has wscript   { file: 'c:\\Users\\wbw95k.ACULOCAL\\Documents\\GitRepositories\\TrackingTally\\node_modules\\bcrypt\\package.json',
verbose has wscript     contributors: false,
verbose has wscript     serverjs: false,
verbose has wscript     wscript: true } ]
verbose caching c:\Users\wbw95k.ACULOCAL\Documents\GitRepositories\TrackingTally\node_modules\bcrypt\package.json
verbose loadDefaults bcrypt@0.5.0
info preinstall bcrypt@0.5.0
verbose from cache c:\Users\wbw95k.ACULOCAL\Documents\GitRepositories\TrackingTally\node_modules\bcrypt\package.json
silly resolved []
verbose about to build c:\Users\wbw95k.ACULOCAL\Documents\GitRepositories\TrackingTally\node_modules\bcrypt
info build c:\Users\wbw95k.ACULOCAL\Documents\GitRepositories\TrackingTally\node_modules\bcrypt
verbose from cache c:\Users\wbw95k.ACULOCAL\Documents\GitRepositories\TrackingTally\node_modules\bcrypt\package.json
verbose linkStuff [ false,
verbose linkStuff   false,
verbose linkStuff   false,
verbose linkStuff   'c:\\Users\\wbw95k.ACULOCAL\\Documents\\GitRepositories\\TrackingTally\\node_modules' ]
info linkStuff bcrypt@0.5.0
verbose linkBins bcrypt@0.5.0
verbose linkMans bcrypt@0.5.0
verbose rebuildBundles bcrypt@0.5.0
info install bcrypt@0.5.0
verbose unsafe-perm in lifecycle true
silly exec cmd "/c" "make build"
silly spawning [ 'cmd',
silly spawning   [ '/c', 'make build' ],
silly spawning   'c:\\Users\\wbw95k.ACULOCAL\\Documents\\GitRepositories\\TrackingTally\\node_modules\\bcrypt' ]
info bcrypt@0.5.0 Failed to exec install script
ERR! error installing bcrypt@0.5.0
info unbuild c:\Users\wbw95k.ACULOCAL\Documents\GitRepositories\TrackingTally\node_modules\bcrypt
verbose from cache c:\Users\wbw95k.ACULOCAL\Documents\GitRepositories\TrackingTally\node_modules\bcrypt\package.json
info preuninstall bcrypt@0.5.0
info uninstall bcrypt@0.5.0
verbose unbuild bcrypt@0.5.0 [ true,
verbose unbuild bcrypt@0.5.0   'c:\\Users\\wbw95k.ACULOCAL\\Documents\\GitRepositories\\TrackingTally\\node_modules',
verbose unbuild bcrypt@0.5.0   'c:\\Users\\wbw95k.ACULOCAL\\Documents\\GitRepositories\\TrackingTally\\node_modules' ]
info postuninstall bcrypt@0.5.0
verbose installOne cb bcrypt@0.5.0
ERR! bcrypt@0.5.0 install: `make build`
ERR! `cmd "/c" "make build"` failed with 2
ERR! 
ERR! Failed at the bcrypt@0.5.0 install script.
ERR! This is most likely a problem with the bcrypt package,
ERR! not with npm itself.
ERR! Tell the author that this fails on your system:
ERR!     make build
ERR! You can get their info via:
ERR!     npm owner ls bcrypt
ERR! There is likely additional logging output above.
ERR! 
ERR! System Windows_NT 6.1.7601
ERR! command "C:\\Program Files (x86)\\nodejs\\\\node.exe" "C:\\Program Files (x86)\\nodejs\\node_modules\\npm\\bin\\npm-cli.js" "install" "bcrypt"
ERR! cwd c:\Users\wbw95k.ACULOCAL\Documents\GitRepositories\TrackingTally
ERR! node -v v0.6.10
ERR! npm -v 1.1.0-3
ERR! code ELIFECYCLE
ERR! message bcrypt@0.5.0 install: `make build`
ERR! message `cmd "/c" "make build"` failed with 2
ERR! errno {}
verbose exit [ 1, true ]
